<?xml version="1.0" encoding="UTF-8"?>
<!-- Generated by org.testng.reporters.JUnitXMLReporter -->
<testsuite ignored="2" hostname="LAPTOP-5KMO2G2N" failures="1" tests="2" name="Class" time="5.003" errors="0" timestamp="03 Jun 2023 17:32:56 GMT">
  <testcase classname="org.test.Scenario2_Test" name="verifyFlipkartSearchFunctionality" time="4.963"/>
  <testcase classname="org.test.Scenario1_Test" name="verifyAutomationPandaContactPage" time="0.0">
    <failure type="java.lang.NullPointerException" message="Cannot invoke &amp;quot;org.openqa.selenium.WebDriver.get(String)&amp;quot; because &amp;quot;this.driver&amp;quot; is null">
      <![CDATA[java.lang.NullPointerException: Cannot invoke "org.openqa.selenium.WebDriver.get(String)" because "this.driver" is null
at org.test.Scenario1_Test.verifyAutomationPandaContactPage(Scenario1_Test.java:14)
... Removed 25 stack frames]]>
    </failure>
  </testcase> <!-- verifyAutomationPandaContactPage -->
  <testcase classname="org.base.BaseClass" name="@AfterSuite tearDown" time="0.0">
    <ignored/>
  </testcase> <!-- @AfterSuite tearDown -->
  <testcase classname="org.base.BaseClass" name="@BeforeSuite setUp" time="0.0">
    <ignored/>
  </testcase> <!-- @BeforeSuite setUp -->
</testsuite> <!-- Class -->
