<?xml version="1.0" encoding="UTF-8"?>
<testng-results ignored="0" total="2" passed="2" failed="0" skipped="0">
  <reporter-output>
  </reporter-output>
  <suite started-at="2023-06-04T12:29:46Z" name="Suite" finished-at="2023-06-04T12:32:20Z" duration-ms="154050">
    <groups>
    </groups>
    <test started-at="2023-06-04T12:29:46Z" name="Test" finished-at="2023-06-04T12:32:20Z" duration-ms="154050">
      <class name="org.test.Scenario2_Test">
        <test-method is-config="true" signature="setUp()[pri:0, instance:org.test.Scenario2_Test@46b61c56]" started-at="2023-06-04T12:29:46Z" name="setUp" finished-at="2023-06-04T12:29:47Z" duration-ms="1437" status="PASS">
          <reporter-output>
          </reporter-output>
        </test-method> <!-- setUp -->
        <test-method signature="verifyFlipkartSearchFunctionality()[pri:0, instance:org.test.Scenario2_Test@46b61c56]" started-at="2023-06-04T12:29:47Z" name="verifyFlipkartSearchFunctionality" finished-at="2023-06-04T12:30:44Z" duration-ms="56740" status="PASS">
          <reporter-output>
          </reporter-output>
        </test-method> <!-- verifyFlipkartSearchFunctionality -->
        <test-method is-config="true" signature="tearDown()[pri:0, instance:org.test.Scenario2_Test@46b61c56]" started-at="2023-06-04T12:30:44Z" name="tearDown" finished-at="2023-06-04T12:30:44Z" duration-ms="250" status="PASS">
          <reporter-output>
          </reporter-output>
        </test-method> <!-- tearDown -->
      </class> <!-- org.test.Scenario2_Test -->
      <class name="org.test.Scenario1_Test">
        <test-method is-config="true" signature="setUp()[pri:0, instance:org.test.Scenario1_Test@2e48362c]" started-at="2023-06-04T12:30:44Z" name="setUp" finished-at="2023-06-04T12:30:45Z" duration-ms="794" status="PASS">
          <reporter-output>
          </reporter-output>
        </test-method> <!-- setUp -->
        <test-method signature="verifyAutomationPandaContactPage()[pri:0, instance:org.test.Scenario1_Test@2e48362c]" started-at="2023-06-04T12:30:45Z" name="verifyAutomationPandaContactPage" finished-at="2023-06-04T12:32:20Z" duration-ms="94577" status="PASS">
          <reporter-output>
          </reporter-output>
        </test-method> <!-- verifyAutomationPandaContactPage -->
        <test-method is-config="true" signature="tearDown()[pri:0, instance:org.test.Scenario1_Test@2e48362c]" started-at="2023-06-04T12:32:20Z" name="tearDown" finished-at="2023-06-04T12:32:20Z" duration-ms="219" status="PASS">
          <reporter-output>
          </reporter-output>
        </test-method> <!-- tearDown -->
      </class> <!-- org.test.Scenario1_Test -->
    </test> <!-- Test -->
  </suite> <!-- Suite -->
</testng-results>
